0 info it worked if it ends with ok
1 verbose cli [ '/opt/local/bin/node', '/opt/local/bin/npm', 'start' ]
2 info using npm@1.4.13
3 info using node@v0.10.28
4 verbose run-script [ 'prestart', 'start', 'poststart' ]
5 info prestart app-kit@0.0.0
6 info start app-kit@0.0.0
7 verbose unsafe-perm in lifecycle true
8 info app-kit@0.0.0 Failed to exec start script
9 error app-kit@0.0.0 start: `grunt server`
9 error Exit status 3
10 error Failed at the app-kit@0.0.0 start script.
10 error This is most likely a problem with the app-kit package,
10 error not with npm itself.
10 error Tell the author that this fails on your system:
10 error     grunt server
10 error You can get their info via:
10 error     npm owner ls app-kit
10 error There is likely additional logging output above.
11 error System Darwin 13.2.0
12 error command "/opt/local/bin/node" "/opt/local/bin/npm" "start"
13 error cwd /Users/ygpark2/pjt/prv/jungtoQA
14 error node -v v0.10.28
15 error npm -v 1.4.13
16 error code ELIFECYCLE
17 verbose exit [ 1, true ]
